

***********************************************************************
Fatal NI connect error 12541, connecting to:
 (DESCRIPTION=(CONNECT_DATA=(SERVICE_NAME=ora11g)(CID=(PROGRAM=\\Mac\Home\Documents\Schule\BSD REL ORG\DWR\DWR\bin\Debug\DWR.vshost.exe)(HOST=VIRTPC)(USER=schueler)))(ADDRESS=(PROTOCOL=TCP)(HOST=192.168.128.151)(PORT=1521)))

  VERSION INFORMATION:
	TNS for 32-bit Windows: Version 10.1.0.2.0 - Production
	Windows NT TCP/IP NT Protocol Adapter for 32-bit Windows: Version 10.1.0.2.0 - Production
  Time: 03-NOV-2015 08:05:46
  Tracing not turned on.
  Tns error struct:
    ns main err code: 12541
    TNS-12541: TNS: Kein Listener
    ns secondary err code: 12560
    nt main err code: 511
    TNS-00511: Kein Listener
    nt secondary err code: 61
    nt OS err code: 0


***********************************************************************
Fatal NI connect error 12541, connecting to:
 (DESCRIPTION=(CONNECT_DATA=(SERVICE_NAME=ora11g)(CID=(PROGRAM=\\Mac\Home\Documents\Schule\BSD REL ORG\DWR\DWR\bin\Debug\DWR.vshost.exe)(HOST=VIRTPC)(USER=schueler)))(ADDRESS=(PROTOCOL=TCP)(HOST=192.168.128.151)(PORT=1521)))

  VERSION INFORMATION:
	TNS for 32-bit Windows: Version 10.1.0.2.0 - Production
	Windows NT TCP/IP NT Protocol Adapter for 32-bit Windows: Version 10.1.0.2.0 - Production
  Time: 03-NOV-2015 08:06:31
  Tracing not turned on.
  Tns error struct:
    ns main err code: 12541
    TNS-12541: TNS: Kein Listener
    ns secondary err code: 12560
    nt main err code: 511
    TNS-00511: Kein Listener
    nt secondary err code: 61
    nt OS err code: 0


***********************************************************************
Fatal NI connect error 12541, connecting to:
 (DESCRIPTION=(CONNECT_DATA=(SERVICE_NAME=ora11g)(CID=(PROGRAM=\\Mac\Home\Documents\Schule\BSD REL ORG\DWR\DWR\bin\Debug\DWR.vshost.exe)(HOST=VIRTPC)(USER=schueler)))(ADDRESS=(PROTOCOL=TCP)(HOST=192.168.128.151)(PORT=1521)))

  VERSION INFORMATION:
	TNS for 32-bit Windows: Version 10.1.0.2.0 - Production
	Windows NT TCP/IP NT Protocol Adapter for 32-bit Windows: Version 10.1.0.2.0 - Production
  Time: 03-NOV-2015 08:07:28
  Tracing not turned on.
  Tns error struct:
    ns main err code: 12541
    TNS-12541: TNS: Kein Listener
    ns secondary err code: 12560
    nt main err code: 511
    TNS-00511: Kein Listener
    nt secondary err code: 61
    nt OS err code: 0


***********************************************************************
Fatal NI connect error 12541, connecting to:
 (DESCRIPTION=(CONNECT_DATA=(SERVICE_NAME=ora11g)(CID=(PROGRAM=\\Mac\Home\Documents\Schule\BSD REL ORG\DWR\DWR\bin\Debug\DWR.vshost.exe)(HOST=VIRTPC)(USER=schueler)))(ADDRESS=(PROTOCOL=TCP)(HOST=192.168.128.151)(PORT=1521)))

  VERSION INFORMATION:
	TNS for 32-bit Windows: Version 10.1.0.2.0 - Production
	Windows NT TCP/IP NT Protocol Adapter for 32-bit Windows: Version 10.1.0.2.0 - Production
  Time: 03-NOV-2015 08:07:46
  Tracing not turned on.
  Tns error struct:
    ns main err code: 12541
    TNS-12541: TNS: Kein Listener
    ns secondary err code: 12560
    nt main err code: 511
    TNS-00511: Kein Listener
    nt secondary err code: 61
    nt OS err code: 0


***********************************************************************
Fatal NI connect error 12541, connecting to:
 (DESCRIPTION=(CONNECT_DATA=(SERVICE_NAME=ora11g)(CID=(PROGRAM=\\Mac\Home\Documents\Schule\BSD REL ORG\DWR\DWR\bin\Debug\DWR.vshost.exe)(HOST=VIRTPC)(USER=schueler)))(ADDRESS=(PROTOCOL=TCP)(HOST=212.152.179.117)(PORT=1521)))

  VERSION INFORMATION:
	TNS for 32-bit Windows: Version 10.1.0.2.0 - Production
	Windows NT TCP/IP NT Protocol Adapter for 32-bit Windows: Version 10.1.0.2.0 - Production
  Time: 03-NOV-2015 21:29:41
  Tracing not turned on.
  Tns error struct:
    ns main err code: 12541
    TNS-12541: TNS: Kein Listener
    ns secondary err code: 12560
    nt main err code: 511
    TNS-00511: Kein Listener
    nt secondary err code: 61
    nt OS err code: 0


***********************************************************************
Fatal NI connect error 12541, connecting to:
 (DESCRIPTION=(CONNECT_DATA=(SERVICE_NAME=ora11g)(CID=(PROGRAM=\\Mac\Home\Documents\Schule\BSD REL ORG\DWR\DWR\bin\Debug\DWR.vshost.exe)(HOST=VIRTPC)(USER=schueler)))(ADDRESS=(PROTOCOL=TCP)(HOST=212.152.179.117)(PORT=1521)))

  VERSION INFORMATION:
	TNS for 32-bit Windows: Version 10.1.0.2.0 - Production
	Windows NT TCP/IP NT Protocol Adapter for 32-bit Windows: Version 10.1.0.2.0 - Production
  Time: 03-NOV-2015 21:34:11
  Tracing not turned on.
  Tns error struct:
    ns main err code: 12541
    TNS-12541: TNS: Kein Listener
    ns secondary err code: 12560
    nt main err code: 511
    TNS-00511: Kein Listener
    nt secondary err code: 61
    nt OS err code: 0


***********************************************************************
Fatal NI connect error 12541, connecting to:
 (DESCRIPTION=(CONNECT_DATA=(SERVICE_NAME=ora11g)(CID=(PROGRAM=\\Mac\Home\Documents\Schule\BSD REL ORG\DWR\DWR\bin\Debug\DWR.vshost.exe)(HOST=VIRTPC)(USER=schueler)))(ADDRESS=(PROTOCOL=TCP)(HOST=212.152.179.117)(PORT=1521)))

  VERSION INFORMATION:
	TNS for 32-bit Windows: Version 10.1.0.2.0 - Production
	Windows NT TCP/IP NT Protocol Adapter for 32-bit Windows: Version 10.1.0.2.0 - Production
  Time: 03-NOV-2015 21:34:21
  Tracing not turned on.
  Tns error struct:
    ns main err code: 12541
    TNS-12541: TNS: Kein Listener
    ns secondary err code: 12560
    nt main err code: 511
    TNS-00511: Kein Listener
    nt secondary err code: 61
    nt OS err code: 0


***********************************************************************
Fatal NI connect error 12170.

  VERSION INFORMATION:
	TNS for 32-bit Windows: Version 10.1.0.2.0 - Production
	Windows NT TCP/IP NT Protocol Adapter for 32-bit Windows: Version 10.1.0.2.0 - Production
  Time: 04-NOV-2015 12:47:26
  Tracing not turned on.
  Tns error struct:
    ns main err code: 12535
    TNS-12535: TNS: Timeout für Vorgang
    ns secondary err code: 12560
    nt main err code: 505
    TNS-00505: Timeout für Vorgang
    nt secondary err code: 60
    nt OS err code: 0
  Client address: <unknown>


***********************************************************************
Fatal NI connect error 12170.

  VERSION INFORMATION:
	TNS for 32-bit Windows: Version 10.1.0.2.0 - Production
	Windows NT TCP/IP NT Protocol Adapter for 32-bit Windows: Version 10.1.0.2.0 - Production
  Time: 04-NOV-2015 12:48:24
  Tracing not turned on.
  Tns error struct:
    ns main err code: 12535
    TNS-12535: TNS: Timeout für Vorgang
    ns secondary err code: 12560
    nt main err code: 505
    TNS-00505: Timeout für Vorgang
    nt secondary err code: 60
    nt OS err code: 0
  Client address: <unknown>


***********************************************************************
Fatal NI connect error 12170.

  VERSION INFORMATION:
	TNS for 32-bit Windows: Version 10.1.0.2.0 - Production
	Windows NT TCP/IP NT Protocol Adapter for 32-bit Windows: Version 10.1.0.2.0 - Production
  Time: 04-NOV-2015 12:54:27
  Tracing not turned on.
  Tns error struct:
    ns main err code: 12535
    TNS-12535: TNS: Timeout für Vorgang
    ns secondary err code: 12560
    nt main err code: 505
    TNS-00505: Timeout für Vorgang
    nt secondary err code: 60
    nt OS err code: 0
  Client address: <unknown>
